This file contains any messages produced by compilers while
running configure, to aid debugging if configure makes a mistake.

It was created by PROJ.4 Projections configure 4.7.0, which was
generated by GNU Autoconf 2.61.  Invocation command line was

  $ ./configure --build=x86_64-pc-linux-gnu --host=arm-linux-eabi

## --------- ##
## Platform. ##
## --------- ##

hostname = vertigo.home
uname -m = x86_64
uname -r = 11.4.0
uname -s = Darwin
uname -v = Darwin Kernel Version 11.4.0: Mon Apr  9 19:32:15 PDT 2012; root:xnu-1699.26.8~1/RELEASE_X86_64

/usr/bin/uname -p = i386
/bin/uname -X     = unknown

/bin/arch              = unknown
/usr/bin/arch -k       = unknown
/usr/convex/getsysinfo = unknown
/usr/bin/hostinfo      = Mach kernel version:
	 Darwin Kernel Version 11.4.0: Mon Apr  9 19:32:15 PDT 2012; root:xnu-1699.26.8~1/RELEASE_X86_64
Kernel configured for up to 4 processors.
2 processors are physically available.
4 processors are logically available.
Processor type: i486 (Intel 80486)
Processors active: 0 1 2 3
Primary memory available: 8.00 gigabytes
Default processor set: 93 tasks, 475 threads, 4 processors
Load average: 3.04, Mach factor: 1.06
/bin/machine           = unknown
/usr/bin/oslevel       = unknown
/bin/universe          = unknown

PATH: /Users/kirkj/apps/apache-maven-3.0.4/bin
PATH: /usr/bin
PATH: /bin
PATH: /usr/sbin
PATH: /sbin
PATH: /usr/local/bin
PATH: /usr/X11/bin
PATH: /System/Library/Java/JavaVirtualMachines/1.6.0.jdk/Contents/Home/bin
PATH: /Users/kirkj/code/kj/scripts
PATH: /Users/kirkj/apps/android-sdk-macosx/platform-tools
PATH: /Users/kirkj/apps/android-ndk-r7c
PATH: /Users/kirkj/code/im-cxx/bld/make/bin


## ----------- ##
## Core tests. ##
## ----------- ##

configure:1995: checking for a BSD-compatible install
configure:2051: result: /usr/bin/install -c
configure:2062: checking whether build environment is sane
configure:2105: result: yes
configure:2133: checking for a thread-safe mkdir -p
configure:2172: result: ./install-sh -c -d
configure:2185: checking for gawk
configure:2215: result: no
configure:2185: checking for mawk
configure:2215: result: no
configure:2185: checking for nawk
configure:2215: result: no
configure:2185: checking for awk
configure:2201: found /usr/bin/awk
configure:2212: result: awk
configure:2223: checking whether make sets $(MAKE)
configure:2244: result: yes
configure:2324: checking for arm-linux-eabi-strip
configure:2354: result: no
configure:2364: checking for strip
configure:2380: found /usr/bin/strip
configure:2391: result: strip
configure:2405: WARNING: In the future, Autoconf will not detect cross-tools
whose name does not start with the host triplet.  If you think this
configuration is useful to you, please write to autoconf@gnu.org.
configure:2432: checking whether to enable maintainer-specific portions of Makefiles
configure:2441: result: no
configure:2465: checking for arm-linux-eabi-gcc
configure:2492: result: llvm-gcc-4.2
configure:2770: checking for C compiler version
configure:2777: llvm-gcc-4.2 --version >&5
i686-apple-darwin11-llvm-gcc-4.2 (GCC) 4.2.1 (Based on Apple Inc. build 5658) (LLVM build 2336.1.00)
Copyright (C) 2007 Free Software Foundation, Inc.
This is free software; see the source for copying conditions.  There is NO
warranty; not even for MERCHANTABILITY or FITNESS FOR A PARTICULAR PURPOSE.

configure:2780: $? = 0
configure:2787: llvm-gcc-4.2 -v >&5
Using built-in specs.
Target: i686-apple-darwin11
Configured with: /private/var/tmp/llvmgcc42/llvmgcc42-2336.1~1/src/configure --disable-checking --enable-werror --prefix=/Developer/usr/llvm-gcc-4.2 --mandir=/share/man --enable-languages=c,objc,c++,obj-c++ --program-prefix=llvm- --program-transform-name=/^[cg][^.-]*$/s/$/-4.2/ --with-slibdir=/usr/lib --build=i686-apple-darwin11 --enable-llvm=/private/var/tmp/llvmgcc42/llvmgcc42-2336.1~1/dst-llvmCore/Developer/usr/local --program-prefix=i686-apple-darwin11- --host=x86_64-apple-darwin11 --target=i686-apple-darwin11 --with-gxx-include-dir=/usr/include/c++/4.2.1
Thread model: posix
gcc version 4.2.1 (Based on Apple Inc. build 5658) (LLVM build 2336.1.00)
configure:2790: $? = 0
configure:2797: llvm-gcc-4.2 -V >&5
llvm-gcc-4.2: argument to `-V' is missing
configure:2800: $? = 1
configure:2823: checking for C compiler default output file name
configure:2850: llvm-gcc-4.2 -fPIC -m64   conftest.c  >&5
configure:2853: $? = 0
configure:2891: result: a.out
configure:2908: checking whether the C compiler works
configure:2938: result: yes
configure:2945: checking whether we are cross compiling
configure:2947: result: yes
configure:2950: checking for suffix of executables
configure:2957: llvm-gcc-4.2 -o conftest -fPIC -m64   conftest.c  >&5
configure:2960: $? = 0
configure:2984: result: 
configure:2990: checking for suffix of object files
configure:3016: llvm-gcc-4.2 -c -fPIC -m64  conftest.c >&5
configure:3019: $? = 0
configure:3042: result: o
configure:3046: checking whether we are using the GNU C compiler
configure:3075: llvm-gcc-4.2 -c -fPIC -m64  conftest.c >&5
configure:3081: $? = 0
configure:3098: result: yes
configure:3103: checking whether llvm-gcc-4.2 accepts -g
configure:3133: llvm-gcc-4.2 -c -g  conftest.c >&5
configure:3139: $? = 0
configure:3238: result: yes
configure:3255: checking for llvm-gcc-4.2 option to accept ISO C89
configure:3329: llvm-gcc-4.2  -c -fPIC -m64  conftest.c >&5
configure:3335: $? = 0
configure:3358: result: none needed
configure:3387: checking for style of include used by make
configure:3415: result: GNU
configure:3440: checking dependency style of llvm-gcc-4.2
configure:3531: result: gcc3
configure:3559: checking for a BSD-compatible install
configure:3615: result: /usr/bin/install -c
configure:3626: checking whether ln -s works
configure:3630: result: yes
configure:3637: checking whether make sets $(MAKE)
configure:3658: result: yes
configure:3745: checking build system type
configure:3763: result: x86_64-pc-linux-gnu
configure:3785: checking host system type
configure:3800: result: arm-linux-eabi
configure:3822: checking for a sed that does not truncate output
configure:3878: result: /usr/bin/sed
configure:3881: checking for grep that handles long lines and -e
configure:3955: result: /usr/bin/grep
configure:3960: checking for egrep
configure:4038: result: /usr/bin/grep -E
configure:4054: checking for ld used by llvm-gcc-4.2
configure:4121: result: /usr/llvm-gcc-4.2/libexec/gcc/i686-apple-darwin11/4.2.1/ld
configure:4130: checking if the linker (/usr/llvm-gcc-4.2/libexec/gcc/i686-apple-darwin11/4.2.1/ld) is GNU ld
configure:4145: result: no
configure:4150: checking for /usr/llvm-gcc-4.2/libexec/gcc/i686-apple-darwin11/4.2.1/ld option to reload object files
configure:4157: result: -r
configure:4175: checking for BSD-compatible nm
configure:4224: result: nm
configure:4228: checking how to recognize dependent libraries
configure:4414: result: unknown
configure:4655: checking how to run the C preprocessor
configure:4695: llvm-gcc-4.2 -E  conftest.c
configure:4701: $? = 0
configure:4732: llvm-gcc-4.2 -E  conftest.c
conftest.c:10:28: error: ac_nonexistent.h: No such file or directory
configure:4738: $? = 1
configure: failed program was:
| /* confdefs.h.  */
| #define PACKAGE_NAME "PROJ.4 Projections"
| #define PACKAGE_TARNAME "proj"
| #define PACKAGE_VERSION "4.7.0"
| #define PACKAGE_STRING "PROJ.4 Projections 4.7.0"
| #define PACKAGE_BUGREPORT "warmerdam@pobox.com"
| #define PACKAGE "proj"
| #define VERSION "4.7.0"
| /* end confdefs.h.  */
| #include <ac_nonexistent.h>
configure:4771: result: llvm-gcc-4.2 -E
configure:4800: llvm-gcc-4.2 -E  conftest.c
configure:4806: $? = 0
configure:4837: llvm-gcc-4.2 -E  conftest.c
conftest.c:10:28: error: ac_nonexistent.h: No such file or directory
configure:4843: $? = 1
configure: failed program was:
| /* confdefs.h.  */
| #define PACKAGE_NAME "PROJ.4 Projections"
| #define PACKAGE_TARNAME "proj"
| #define PACKAGE_VERSION "4.7.0"
| #define PACKAGE_STRING "PROJ.4 Projections 4.7.0"
| #define PACKAGE_BUGREPORT "warmerdam@pobox.com"
| #define PACKAGE "proj"
| #define VERSION "4.7.0"
| /* end confdefs.h.  */
| #include <ac_nonexistent.h>
configure:4881: checking for ANSI C header files
configure:4911: llvm-gcc-4.2 -c -fPIC -m64  conftest.c >&5
configure:4917: $? = 0
configure:5045: result: yes
configure:5069: checking for sys/types.h
configure:5090: llvm-gcc-4.2 -c -fPIC -m64  conftest.c >&5
configure:5096: $? = 0
configure:5112: result: yes
configure:5069: checking for sys/stat.h
configure:5090: llvm-gcc-4.2 -c -fPIC -m64  conftest.c >&5
configure:5096: $? = 0
configure:5112: result: yes
configure:5069: checking for stdlib.h
configure:5090: llvm-gcc-4.2 -c -fPIC -m64  conftest.c >&5
configure:5096: $? = 0
configure:5112: result: yes
configure:5069: checking for string.h
configure:5090: llvm-gcc-4.2 -c -fPIC -m64  conftest.c >&5
configure:5096: $? = 0
configure:5112: result: yes
configure:5069: checking for memory.h
configure:5090: llvm-gcc-4.2 -c -fPIC -m64  conftest.c >&5
configure:5096: $? = 0
configure:5112: result: yes
configure:5069: checking for strings.h
configure:5090: llvm-gcc-4.2 -c -fPIC -m64  conftest.c >&5
configure:5096: $? = 0
configure:5112: result: yes
configure:5069: checking for inttypes.h
configure:5090: llvm-gcc-4.2 -c -fPIC -m64  conftest.c >&5
configure:5096: $? = 0
configure:5112: result: yes
configure:5069: checking for stdint.h
configure:5090: llvm-gcc-4.2 -c -fPIC -m64  conftest.c >&5
configure:5096: $? = 0
configure:5112: result: yes
configure:5069: checking for unistd.h
configure:5090: llvm-gcc-4.2 -c -fPIC -m64  conftest.c >&5
configure:5096: $? = 0
configure:5112: result: yes
configure:5139: checking dlfcn.h usability
configure:5156: llvm-gcc-4.2 -c -fPIC -m64  conftest.c >&5
configure:5162: $? = 0
configure:5176: result: yes
configure:5180: checking dlfcn.h presence
configure:5195: llvm-gcc-4.2 -E  conftest.c
configure:5201: $? = 0
configure:5215: result: yes
configure:5248: checking for dlfcn.h
configure:5256: result: yes
configure:5385: checking for C++ compiler version
configure:5392: llvm-g++-4.2 --version >&5
i686-apple-darwin11-llvm-g++-4.2 (GCC) 4.2.1 (Based on Apple Inc. build 5658) (LLVM build 2336.1.00)
Copyright (C) 2007 Free Software Foundation, Inc.
This is free software; see the source for copying conditions.  There is NO
warranty; not even for MERCHANTABILITY or FITNESS FOR A PARTICULAR PURPOSE.

configure:5395: $? = 0
configure:5402: llvm-g++-4.2 -v >&5
Using built-in specs.
Target: i686-apple-darwin11
Configured with: /private/var/tmp/llvmgcc42/llvmgcc42-2336.1~1/src/configure --disable-checking --enable-werror --prefix=/Developer/usr/llvm-gcc-4.2 --mandir=/share/man --enable-languages=c,objc,c++,obj-c++ --program-prefix=llvm- --program-transform-name=/^[cg][^.-]*$/s/$/-4.2/ --with-slibdir=/usr/lib --build=i686-apple-darwin11 --enable-llvm=/private/var/tmp/llvmgcc42/llvmgcc42-2336.1~1/dst-llvmCore/Developer/usr/local --program-prefix=i686-apple-darwin11- --host=x86_64-apple-darwin11 --target=i686-apple-darwin11 --with-gxx-include-dir=/usr/include/c++/4.2.1
Thread model: posix
gcc version 4.2.1 (Based on Apple Inc. build 5658) (LLVM build 2336.1.00)
configure:5405: $? = 0
configure:5412: llvm-g++-4.2 -V >&5
llvm-g++-4.2: argument to `-V' is missing
configure:5415: $? = 1
configure:5418: checking whether we are using the GNU C++ compiler
configure:5447: llvm-g++-4.2 -c -fPIC -m64  conftest.cpp >&5
configure:5453: $? = 0
configure:5470: result: yes
configure:5475: checking whether llvm-g++-4.2 accepts -g
configure:5505: llvm-g++-4.2 -c -g  conftest.cpp >&5
configure:5511: $? = 0
configure:5610: result: yes
configure:5635: checking dependency style of llvm-g++-4.2
configure:5726: result: gcc3
configure:5751: checking how to run the C++ preprocessor
configure:5787: llvm-g++-4.2 -E  conftest.cpp
configure:5793: $? = 0
configure:5824: llvm-g++-4.2 -E  conftest.cpp
conftest.cpp:21:28: error: ac_nonexistent.h: No such file or directory
configure:5830: $? = 1
configure: failed program was:
| /* confdefs.h.  */
| #define PACKAGE_NAME "PROJ.4 Projections"
| #define PACKAGE_TARNAME "proj"
| #define PACKAGE_VERSION "4.7.0"
| #define PACKAGE_STRING "PROJ.4 Projections 4.7.0"
| #define PACKAGE_BUGREPORT "warmerdam@pobox.com"
| #define PACKAGE "proj"
| #define VERSION "4.7.0"
| #define STDC_HEADERS 1
| #define HAVE_SYS_TYPES_H 1
| #define HAVE_SYS_STAT_H 1
| #define HAVE_STDLIB_H 1
| #define HAVE_STRING_H 1
| #define HAVE_MEMORY_H 1
| #define HAVE_STRINGS_H 1
| #define HAVE_INTTYPES_H 1
| #define HAVE_STDINT_H 1
| #define HAVE_UNISTD_H 1
| #define HAVE_DLFCN_H 1
| /* end confdefs.h.  */
| #include <ac_nonexistent.h>
configure:5863: result: llvm-g++-4.2 -E
configure:5892: llvm-g++-4.2 -E  conftest.cpp
configure:5898: $? = 0
configure:5929: llvm-g++-4.2 -E  conftest.cpp
conftest.cpp:21:28: error: ac_nonexistent.h: No such file or directory
configure:5935: $? = 1
configure: failed program was:
| /* confdefs.h.  */
| #define PACKAGE_NAME "PROJ.4 Projections"
| #define PACKAGE_TARNAME "proj"
| #define PACKAGE_VERSION "4.7.0"
| #define PACKAGE_STRING "PROJ.4 Projections 4.7.0"
| #define PACKAGE_BUGREPORT "warmerdam@pobox.com"
| #define PACKAGE "proj"
| #define VERSION "4.7.0"
| #define STDC_HEADERS 1
| #define HAVE_SYS_TYPES_H 1
| #define HAVE_SYS_STAT_H 1
| #define HAVE_STDLIB_H 1
| #define HAVE_STRING_H 1
| #define HAVE_MEMORY_H 1
| #define HAVE_STRINGS_H 1
| #define HAVE_INTTYPES_H 1
| #define HAVE_STDINT_H 1
| #define HAVE_UNISTD_H 1
| #define HAVE_DLFCN_H 1
| /* end confdefs.h.  */
| #include <ac_nonexistent.h>
configure:5984: checking for arm-linux-eabi-g77
configure:6014: result: no
configure:5984: checking for arm-linux-eabi-xlf
configure:6014: result: no
configure:5984: checking for arm-linux-eabi-f77
configure:6014: result: no
configure:5984: checking for arm-linux-eabi-frt
configure:6014: result: no
configure:5984: checking for arm-linux-eabi-pgf77
configure:6014: result: no
configure:5984: checking for arm-linux-eabi-cf77
configure:6014: result: no
configure:5984: checking for arm-linux-eabi-fort77
configure:6014: result: no
configure:5984: checking for arm-linux-eabi-fl32
configure:6014: result: no
configure:5984: checking for arm-linux-eabi-af77
configure:6014: result: no
configure:5984: checking for arm-linux-eabi-xlf90
configure:6014: result: no
configure:5984: checking for arm-linux-eabi-f90
configure:6014: result: no
configure:5984: checking for arm-linux-eabi-pgf90
configure:6014: result: no
configure:5984: checking for arm-linux-eabi-pghpf
configure:6014: result: no
configure:5984: checking for arm-linux-eabi-epcf90
configure:6014: result: no
configure:5984: checking for arm-linux-eabi-gfortran
configure:6014: result: no
configure:5984: checking for arm-linux-eabi-g95
configure:6014: result: no
configure:5984: checking for arm-linux-eabi-xlf95
configure:6014: result: no
configure:5984: checking for arm-linux-eabi-f95
configure:6014: result: no
configure:5984: checking for arm-linux-eabi-fort
configure:6014: result: no
configure:5984: checking for arm-linux-eabi-ifort
configure:6014: result: no
configure:5984: checking for arm-linux-eabi-ifc
configure:6014: result: no
configure:5984: checking for arm-linux-eabi-efc
configure:6014: result: no
configure:5984: checking for arm-linux-eabi-pgf95
configure:6014: result: no
configure:5984: checking for arm-linux-eabi-lf95
configure:6014: result: no
configure:5984: checking for arm-linux-eabi-ftn
configure:6014: result: no
configure:6028: checking for g77
configure:6058: result: no
configure:6028: checking for xlf
configure:6058: result: no
configure:6028: checking for f77
configure:6058: result: no
configure:6028: checking for frt
configure:6058: result: no
configure:6028: checking for pgf77
configure:6058: result: no
configure:6028: checking for cf77
configure:6058: result: no
configure:6028: checking for fort77
configure:6058: result: no
configure:6028: checking for fl32
configure:6058: result: no
configure:6028: checking for af77
configure:6058: result: no
configure:6028: checking for xlf90
configure:6058: result: no
configure:6028: checking for f90
configure:6058: result: no
configure:6028: checking for pgf90
configure:6058: result: no
configure:6028: checking for pghpf
configure:6058: result: no
configure:6028: checking for epcf90
configure:6058: result: no
configure:6028: checking for gfortran
configure:6058: result: no
configure:6028: checking for g95
configure:6058: result: no
configure:6028: checking for xlf95
configure:6058: result: no
configure:6028: checking for f95
configure:6058: result: no
configure:6028: checking for fort
configure:6058: result: no
configure:6028: checking for ifort
configure:6058: result: no
configure:6028: checking for ifc
configure:6058: result: no
configure:6028: checking for efc
configure:6058: result: no
configure:6028: checking for pgf95
configure:6058: result: no
configure:6028: checking for lf95
configure:6058: result: no
configure:6028: checking for ftn
configure:6058: result: no
configure:6085: checking for Fortran 77 compiler version
configure:6092:  --version >&5
./configure: line 6093: --version: command not found
configure:6095: $? = 127
configure:6102:  -v >&5
./configure: line 6103: -v: command not found
configure:6105: $? = 127
configure:6112:  -V >&5
./configure: line 6113: -V: command not found
configure:6115: $? = 127
configure:6123: checking whether we are using the GNU Fortran 77 compiler
configure:6142:  -c  conftest.F >&5
./configure: line 6143: -c: command not found
configure:6148: $? = 127
configure: failed program was:
|       program main
| #ifndef __GNUC__
|        choke me
| #endif
| 
|       end
configure:6165: result: no
configure:6171: checking whether  accepts -g
configure:6188:  -c -g conftest.f >&5
./configure: line 6189: -c: command not found
configure:6194: $? = 127
configure: failed program was:
|       program main
| 
|       end
configure:6210: result: no
configure:6240: checking the maximum length of command line arguments
configure:6352: result: 196608
configure:6364: checking command to parse nm output from llvm-gcc-4.2 object
configure:6469: llvm-gcc-4.2 -c -fPIC -m64  conftest.c >&5
configure:6472: $? = 0
configure:6476: nm conftest.o \| sed -n -e 's/^.*[ 	]\([BCDEGRST][BCDEGRST]*\)[ 	][ 	]*\([_A-Za-z][_A-Za-z0-9]*\)$/\1 \2 \2/p' \> conftest.nm
configure:6479: $? = 0
cannot find nm_test_var in conftest.nm
configure:6469: llvm-gcc-4.2 -c -fPIC -m64  conftest.c >&5
configure:6472: $? = 0
configure:6476: nm conftest.o \| sed -n -e 's/^.*[ 	]\([BCDEGRST][BCDEGRST]*\)[ 	][ 	]*_\([_A-Za-z][_A-Za-z0-9]*\)$/\1 _\2 \2/p' \> conftest.nm
configure:6479: $? = 0
configure:6531: llvm-gcc-4.2 -o conftest -fPIC -m64   conftest.c conftstm.o >&5
configure:6534: $? = 0
configure:6572: result: ok
configure:6576: checking for objdir
configure:6591: result: .libs
configure:6643: checking for arm-linux-eabi-ar
configure:6673: result: no
configure:6683: checking for ar
configure:6699: found /usr/bin/ar
configure:6710: result: ar
configure:6739: checking for arm-linux-eabi-ranlib
configure:6769: result: no
configure:6779: checking for ranlib
configure:6795: found /usr/bin/ranlib
configure:6806: result: ranlib
configure:6835: checking for arm-linux-eabi-strip
configure:6862: result: strip
configure:7188: checking if llvm-gcc-4.2 supports -fno-rtti -fno-exceptions
configure:7206: llvm-gcc-4.2 -c -fPIC -m64  -fno-rtti -fno-exceptions conftest.c >&5
cc1: warning: command line option "-fno-rtti" is valid for C++/ObjC++ but not for C
configure:7210: $? = 0
configure:7223: result: no
configure:7238: checking for llvm-gcc-4.2 option to produce PIC
configure:7470: result: -fPIC
configure:7478: checking if llvm-gcc-4.2 PIC flag -fPIC works
configure:7496: llvm-gcc-4.2 -c -fPIC -m64  -fPIC -DPIC conftest.c >&5
configure:7500: $? = 0
configure:7513: result: yes
configure:7541: checking if llvm-gcc-4.2 static flag -static works
configure:7569: result: no
configure:7579: checking if llvm-gcc-4.2 supports -c -o file.o
configure:7600: llvm-gcc-4.2 -c -fPIC -m64  -o out/conftest2.o conftest.c >&5
configure:7604: $? = 0
configure:7626: result: yes
configure:7652: checking whether the llvm-gcc-4.2 linker (/usr/llvm-gcc-4.2/libexec/gcc/i686-apple-darwin11/4.2.1/ld) supports shared libraries
configure:8633: result: no
configure:8700: checking dynamic linker characteristics
configure:9314: result: no
configure:9323: checking how to hardcode library paths into programs
configure:9348: result: unsupported
configure:9362: checking whether stripping libraries is possible
configure:9384: result: no
configure:10169: checking if libtool supports shared libraries
configure:10171: result: no
configure:10174: checking whether to build shared libraries
configure:10195: result: no
configure:10198: checking whether to build static libraries
configure:10202: result: yes
configure:10295: creating libtool
configure:10883: checking for ld used by llvm-g++-4.2
configure:10950: result: /usr/llvm-gcc-4.2/libexec/gcc/i686-apple-darwin11/4.2.1/ld
configure:10959: checking if the linker (/usr/llvm-gcc-4.2/libexec/gcc/i686-apple-darwin11/4.2.1/ld) is GNU ld
configure:10974: result: no
configure:11025: checking whether the llvm-g++-4.2 linker (/usr/llvm-gcc-4.2/libexec/gcc/i686-apple-darwin11/4.2.1/ld) supports shared libraries
configure:11999: result: no
configure:12017: llvm-g++-4.2 -c -fPIC -m64  conftest.cpp >&5
configure:12020: $? = 0
configure:12172: checking for llvm-g++-4.2 option to produce PIC
configure:12456: result: -fPIC
configure:12464: checking if llvm-g++-4.2 PIC flag -fPIC works
configure:12482: llvm-g++-4.2 -c -fPIC -m64  -fPIC -DPIC conftest.cpp >&5
configure:12486: $? = 0
configure:12499: result: yes
configure:12527: checking if llvm-g++-4.2 static flag -static works
configure:12555: result: no
configure:12565: checking if llvm-g++-4.2 supports -c -o file.o
configure:12586: llvm-g++-4.2 -c -fPIC -m64  -o out/conftest2.o conftest.cpp >&5
configure:12590: $? = 0
configure:12612: result: yes
configure:12638: checking whether the llvm-g++-4.2 linker (/usr/llvm-gcc-4.2/libexec/gcc/i686-apple-darwin11/4.2.1/ld) supports shared libraries
configure:12666: result: no
configure:12733: checking dynamic linker characteristics
configure:13295: result: no
configure:13304: checking how to hardcode library paths into programs
configure:13329: result: unsupported
configure:19528: checking for exp in -lm
configure:19563: llvm-gcc-4.2 -o conftest -fPIC -m64   conftest.c -lm   >&5
conftest.c:28: warning: conflicting types for built-in function 'exp'
configure:19569: $? = 0
configure:19587: result: yes
configure:19599: checking for ANSI C header files
configure:19763: result: yes
configure:19837: checking jni.h usability
configure:19854: llvm-gcc-4.2 -c -fPIC -m64  conftest.c >&5
conftest.c:56:17: error: jni.h: No such file or directory
configure:19860: $? = 1
configure: failed program was:
| /* confdefs.h.  */
| #define PACKAGE_NAME "PROJ.4 Projections"
| #define PACKAGE_TARNAME "proj"
| #define PACKAGE_VERSION "4.7.0"
| #define PACKAGE_STRING "PROJ.4 Projections 4.7.0"
| #define PACKAGE_BUGREPORT "warmerdam@pobox.com"
| #define PACKAGE "proj"
| #define VERSION "4.7.0"
| #define STDC_HEADERS 1
| #define HAVE_SYS_TYPES_H 1
| #define HAVE_SYS_STAT_H 1
| #define HAVE_STDLIB_H 1
| #define HAVE_STRING_H 1
| #define HAVE_MEMORY_H 1
| #define HAVE_STRINGS_H 1
| #define HAVE_INTTYPES_H 1
| #define HAVE_STDINT_H 1
| #define HAVE_UNISTD_H 1
| #define HAVE_DLFCN_H 1
| #define HAVE_LIBM 1
| #define STDC_HEADERS 1
| /* end confdefs.h.  */
| #include <stdio.h>
| #ifdef HAVE_SYS_TYPES_H
| # include <sys/types.h>
| #endif
| #ifdef HAVE_SYS_STAT_H
| # include <sys/stat.h>
| #endif
| #ifdef STDC_HEADERS
| # include <stdlib.h>
| # include <stddef.h>
| #else
| # ifdef HAVE_STDLIB_H
| #  include <stdlib.h>
| # endif
| #endif
| #ifdef HAVE_STRING_H
| # if !defined STDC_HEADERS && defined HAVE_MEMORY_H
| #  include <memory.h>
| # endif
| # include <string.h>
| #endif
| #ifdef HAVE_STRINGS_H
| # include <strings.h>
| #endif
| #ifdef HAVE_INTTYPES_H
| # include <inttypes.h>
| #endif
| #ifdef HAVE_STDINT_H
| # include <stdint.h>
| #endif
| #ifdef HAVE_UNISTD_H
| # include <unistd.h>
| #endif
| #include <jni.h>
configure:19874: result: no
configure:19878: checking jni.h presence
configure:19893: llvm-gcc-4.2 -E  conftest.c
conftest.c:23:17: error: jni.h: No such file or directory
configure:19899: $? = 1
configure: failed program was:
| /* confdefs.h.  */
| #define PACKAGE_NAME "PROJ.4 Projections"
| #define PACKAGE_TARNAME "proj"
| #define PACKAGE_VERSION "4.7.0"
| #define PACKAGE_STRING "PROJ.4 Projections 4.7.0"
| #define PACKAGE_BUGREPORT "warmerdam@pobox.com"
| #define PACKAGE "proj"
| #define VERSION "4.7.0"
| #define STDC_HEADERS 1
| #define HAVE_SYS_TYPES_H 1
| #define HAVE_SYS_STAT_H 1
| #define HAVE_STDLIB_H 1
| #define HAVE_STRING_H 1
| #define HAVE_MEMORY_H 1
| #define HAVE_STRINGS_H 1
| #define HAVE_INTTYPES_H 1
| #define HAVE_STDINT_H 1
| #define HAVE_UNISTD_H 1
| #define HAVE_DLFCN_H 1
| #define HAVE_LIBM 1
| #define STDC_HEADERS 1
| /* end confdefs.h.  */
| #include <jni.h>
configure:19913: result: no
configure:19946: checking for jni.h
configure:19954: result: no
configure:19968: checking whether to enable Java/JNI support
configure:19972: result: disabled
configure:20003: checking for mutexes
configure:20007: result: enabled, pthread
configure:20148: creating ./config.status

## ---------------------- ##
## Running config.status. ##
## ---------------------- ##

This file was extended by PROJ.4 Projections config.status 4.7.0, which was
generated by GNU Autoconf 2.61.  Invocation command line was

  CONFIG_FILES    = 
  CONFIG_HEADERS  = 
  CONFIG_LINKS    = 
  CONFIG_COMMANDS = 
  $ ./config.status 

on vertigo.home

config.status:675: creating Makefile
config.status:675: creating src/Makefile
config.status:675: creating man/Makefile
config.status:675: creating man/man1/Makefile
config.status:675: creating man/man3/Makefile
config.status:675: creating nad/Makefile
config.status:675: creating jniwrap/Makefile
config.status:675: creating jniwrap/org/Makefile
config.status:675: creating jniwrap/org/proj4/Makefile
config.status:675: creating src/proj_config.h
config.status:950: executing depfiles commands

## ---------------- ##
## Cache variables. ##
## ---------------- ##

ac_cv_build=x86_64-pc-linux-gnu
ac_cv_c_compiler_gnu=yes
ac_cv_cxx_compiler_gnu=yes
ac_cv_env_CCC_set=
ac_cv_env_CCC_value=
ac_cv_env_CC_set=set
ac_cv_env_CC_value=llvm-gcc-4.2
ac_cv_env_CFLAGS_set=set
ac_cv_env_CFLAGS_value='-fPIC -m64'
ac_cv_env_CPPFLAGS_set=
ac_cv_env_CPPFLAGS_value=
ac_cv_env_CPP_set=
ac_cv_env_CPP_value=
ac_cv_env_CXXCPP_set=
ac_cv_env_CXXCPP_value=
ac_cv_env_CXXFLAGS_set=set
ac_cv_env_CXXFLAGS_value='-fPIC -m64'
ac_cv_env_CXX_set=set
ac_cv_env_CXX_value=llvm-g++-4.2
ac_cv_env_F77_set=
ac_cv_env_F77_value=
ac_cv_env_FFLAGS_set=
ac_cv_env_FFLAGS_value=
ac_cv_env_LDFLAGS_set=
ac_cv_env_LDFLAGS_value=
ac_cv_env_LIBS_set=
ac_cv_env_LIBS_value=
ac_cv_env_build_alias_set=set
ac_cv_env_build_alias_value=x86_64-pc-linux-gnu
ac_cv_env_host_alias_set=set
ac_cv_env_host_alias_value=arm-linux-eabi
ac_cv_env_target_alias_set=
ac_cv_env_target_alias_value=
ac_cv_f77_compiler_gnu=no
ac_cv_header_dlfcn_h=yes
ac_cv_header_inttypes_h=yes
ac_cv_header_jni_h=no
ac_cv_header_memory_h=yes
ac_cv_header_stdc=yes
ac_cv_header_stdint_h=yes
ac_cv_header_stdlib_h=yes
ac_cv_header_string_h=yes
ac_cv_header_strings_h=yes
ac_cv_header_sys_stat_h=yes
ac_cv_header_sys_types_h=yes
ac_cv_header_unistd_h=yes
ac_cv_host=arm-linux-eabi
ac_cv_lib_m_exp=yes
ac_cv_objext=o
ac_cv_path_EGREP='/usr/bin/grep -E'
ac_cv_path_GREP=/usr/bin/grep
ac_cv_path_install='/usr/bin/install -c'
ac_cv_prog_AWK=awk
ac_cv_prog_CC=llvm-gcc-4.2
ac_cv_prog_CPP='llvm-gcc-4.2 -E'
ac_cv_prog_CXXCPP='llvm-g++-4.2 -E'
ac_cv_prog_STRIP=strip
ac_cv_prog_ac_ct_AR=ar
ac_cv_prog_ac_ct_RANLIB=ranlib
ac_cv_prog_ac_ct_STRIP=strip
ac_cv_prog_cc_c89=
ac_cv_prog_cc_g=yes
ac_cv_prog_cxx_g=yes
ac_cv_prog_f77_g=no
ac_cv_prog_make_make_set=yes
am_cv_CC_dependencies_compiler_type=gcc3
am_cv_CXX_dependencies_compiler_type=gcc3
lt_cv_deplibs_check_method=unknown
lt_cv_file_magic_cmd='$MAGIC_CMD'
lt_cv_file_magic_test_file=
lt_cv_ld_reload_flag=-r
lt_cv_objdir=.libs
lt_cv_path_LD=/usr/llvm-gcc-4.2/libexec/gcc/i686-apple-darwin11/4.2.1/ld
lt_cv_path_LDCXX=/usr/llvm-gcc-4.2/libexec/gcc/i686-apple-darwin11/4.2.1/ld
lt_cv_path_NM=nm
lt_cv_path_SED=/usr/bin/sed
lt_cv_prog_compiler_c_o=yes
lt_cv_prog_compiler_c_o_CXX=yes
lt_cv_prog_compiler_rtti_exceptions=no
lt_cv_prog_gnu_ld=no
lt_cv_prog_gnu_ldcxx=no
lt_cv_sys_global_symbol_pipe='sed -n -e '\''s/^.*[ 	]\([BCDEGRST][BCDEGRST]*\)[ 	][ 	]*_\([_A-Za-z][_A-Za-z0-9]*\)$/\1 _\2 \2/p'\'''
lt_cv_sys_global_symbol_to_c_name_address='sed -n -e '\''s/^: \([^ ]*\) $/  {\"\1\", (lt_ptr) 0},/p'\'' -e '\''s/^[BCDEGRST] \([^ ]*\) \([^ ]*\)$/  {"\2", (lt_ptr) \&\2},/p'\'''
lt_cv_sys_global_symbol_to_cdecl='sed -n -e '\''s/^. .* \(.*\)$/extern int \1;/p'\'''
lt_cv_sys_max_cmd_len=196608
lt_lt_cv_prog_compiler_c_o='"yes"'
lt_lt_cv_prog_compiler_c_o_CXX='"yes"'
lt_lt_cv_sys_global_symbol_pipe='"sed -n -e '\''s/^.*[ 	]\\([BCDEGRST][BCDEGRST]*\\)[ 	][ 	]*_\\([_A-Za-z][_A-Za-z0-9]*\\)\$/\\1 _\\2 \\2/p'\''"'
lt_lt_cv_sys_global_symbol_to_c_name_address='"sed -n -e '\''s/^: \\([^ ]*\\) \$/  {\\\"\\1\\\", (lt_ptr) 0},/p'\'' -e '\''s/^[BCDEGRST] \\([^ ]*\\) \\([^ ]*\\)\$/  {\"\\2\", (lt_ptr) \\&\\2},/p'\''"'
lt_lt_cv_sys_global_symbol_to_cdecl='"sed -n -e '\''s/^. .* \\(.*\\)\$/extern int \\1;/p'\''"'

## ----------------- ##
## Output variables. ##
## ----------------- ##

ACLOCAL='${SHELL} /Users/kirkj/army-agc/mobile-android/projects/spatialite-android/spatialite-android-library/jni/proj-4.7.0/missing --run aclocal-1.10'
AMDEPBACKSLASH='\'
AMDEP_FALSE='#'
AMDEP_TRUE=''
AMTAR='${SHELL} /Users/kirkj/army-agc/mobile-android/projects/spatialite-android/spatialite-android-library/jni/proj-4.7.0/missing --run tar'
AR='ar'
AUTOCONF='${SHELL} /Users/kirkj/army-agc/mobile-android/projects/spatialite-android/spatialite-android-library/jni/proj-4.7.0/missing --run autoconf'
AUTOHEADER='${SHELL} /Users/kirkj/army-agc/mobile-android/projects/spatialite-android/spatialite-android-library/jni/proj-4.7.0/missing --run autoheader'
AUTOMAKE='${SHELL} /Users/kirkj/army-agc/mobile-android/projects/spatialite-android/spatialite-android-library/jni/proj-4.7.0/missing --run automake-1.10'
AWK='awk'
CC='llvm-gcc-4.2'
CCDEPMODE='depmode=gcc3'
CFLAGS='-fPIC -m64'
CPP='llvm-gcc-4.2 -E'
CPPFLAGS=''
CXX='llvm-g++-4.2'
CXXCPP='llvm-g++-4.2 -E'
CXXDEPMODE='depmode=gcc3'
CXXFLAGS='-fPIC -m64'
CYGPATH_W='echo'
DEFS='-DHAVE_CONFIG_H'
DEPDIR='.deps'
ECHO='/bin/echo'
ECHO_C='ECHO_N=''
ECHO_T=''
EGREP='/usr/bin/grep -E'
EXEEXT=''
F77=''
FFLAGS=''
GREP='/usr/bin/grep'
INSTALL_DATA='${INSTALL} -m 644'
INSTALL_PROGRAM='${INSTALL}'
INSTALL_SCRIPT='${INSTALL}'
INSTALL_STRIP_PROGRAM='$(install_sh) -c -s'
JNI_INCLUDE=''
LDFLAGS=''
LIBOBJS=''
LIBS='-lm '
LIBTOOL='$(SHELL) $(top_builddir)/libtool'
LN_S='ln -s'
LTLIBOBJS=''
MAINT='#'
MAINTAINER_MODE_FALSE=''
MAINTAINER_MODE_TRUE='#'
MAKEINFO='${SHELL} /Users/kirkj/army-agc/mobile-android/projects/spatialite-android/spatialite-android-library/jni/proj-4.7.0/missing --run makeinfo'
MUTEX_SETTING='pthread'
OBJEXT='o'
PACKAGE='proj'
PACKAGE_BUGREPORT='warmerdam@pobox.com'
PACKAGE_NAME='PROJ.4 Projections'
PACKAGE_STRING='PROJ.4 Projections 4.7.0'
PACKAGE_TARNAME='proj'
PACKAGE_VERSION='4.7.0'
PATH_SEPARATOR=':'
RANLIB='ranlib'
SED='/usr/bin/sed'
SET_MAKE=''
SHELL='/bin/sh'
STRIP='strip'
VERSION='4.7.0'
ac_ct_CC=''
ac_ct_CXX=''
ac_ct_F77=''
am__fastdepCC_FALSE='#'
am__fastdepCC_TRUE=''
am__fastdepCXX_FALSE='#'
am__fastdepCXX_TRUE=''
am__include='include'
am__isrc=''
am__leading_dot='.'
am__quote=''
am__tar='${AMTAR} chof - "$$tardir"'
am__untar='${AMTAR} xf -'
bindir='${exec_prefix}/bin'
build='x86_64-pc-linux-gnu'
build_alias='x86_64-pc-linux-gnu'
build_cpu='x86_64'
build_os='linux-gnu'
build_vendor='pc'
datadir='${datarootdir}'
datarootdir='${prefix}/share'
docdir='${datarootdir}/doc/${PACKAGE_TARNAME}'
dvidir='${docdir}'
exec_prefix='${prefix}'
host='arm-linux-eabi'
host_alias='arm-linux-eabi'
host_cpu='arm'
host_os='eabi'
host_vendor='linux'
htmldir='${docdir}'
includedir='${prefix}/include'
infodir='${datarootdir}/info'
install_sh='$(SHELL) /Users/kirkj/army-agc/mobile-android/projects/spatialite-android/spatialite-android-library/jni/proj-4.7.0/install-sh'
libdir='${exec_prefix}/lib'
libexecdir='${exec_prefix}/libexec'
localedir='${datarootdir}/locale'
localstatedir='${prefix}/var'
mandir='${datarootdir}/man'
mkdir_p='$(top_builddir)/./install-sh -c -d'
oldincludedir='/usr/include'
pdfdir='${docdir}'
prefix='/usr/local'
program_transform_name='s,x,x,'
psdir='${docdir}'
sbindir='${exec_prefix}/sbin'
sharedstatedir='${prefix}/com'
sysconfdir='${prefix}/etc'
target_alias=''

## ----------- ##
## confdefs.h. ##
## ----------- ##

#define PACKAGE_NAME "PROJ.4 Projections"
#define PACKAGE_TARNAME "proj"
#define PACKAGE_VERSION "4.7.0"
#define PACKAGE_STRING "PROJ.4 Projections 4.7.0"
#define PACKAGE_BUGREPORT "warmerdam@pobox.com"
#define PACKAGE "proj"
#define VERSION "4.7.0"
#define STDC_HEADERS 1
#define HAVE_SYS_TYPES_H 1
#define HAVE_SYS_STAT_H 1
#define HAVE_STDLIB_H 1
#define HAVE_STRING_H 1
#define HAVE_MEMORY_H 1
#define HAVE_STRINGS_H 1
#define HAVE_INTTYPES_H 1
#define HAVE_STDINT_H 1
#define HAVE_UNISTD_H 1
#define HAVE_DLFCN_H 1
#define HAVE_LIBM 1
#define STDC_HEADERS 1

configure: exit 0
